app/build/intermediates/manifest_merge_blame_file/release/processReleaseMainManifest/manifest-merger-blame-release-report.txt
1<?xml version="1.0" encoding="utf-8"?>
2<manifest xmlns:android="http://schemas.android.com/apk/res/android"
3    package="com.budgettracker.app"
4    android:versionCode="1"
5    android:versionName="1.0.0" >
6
7    <uses-sdk
8        android:minSdkVersion="26"
9        android:targetSdkVersion="36" />
10
11    <uses-permission android:name="android.permission.INTERNET" />
11-->src/main/AndroidManifest.xml:4:5-67
11-->src/main/AndroidManifest.xml:4:22-64
12    <uses-permission android:name="android.permission.USE_BIOMETRIC" />
12-->src/main/AndroidManifest.xml:5:5-72
12-->src/main/AndroidManifest.xml:5:22-69
13
14    <!-- suppress DeprecatedClassUsageInspection -->
15    <uses-permission android:name="android.permission.USE_FINGERPRINT" />
15-->[androidx.biometric:biometric:1.2.0-alpha05] AndroidManifest.xml:25:5-74
15-->[androidx.biometric:biometric:1.2.0-alpha05] AndroidManifest.xml:25:22-71
16
17    <permission
17-->[androidx.core:core:1.15.0] AndroidManifest.xml:22:5-24:47
18        android:name="com.budgettracker.app.DYNAMIC_RECEIVER_NOT_EXPORTED_PERMISSION"
18-->[androidx.core:core:1.15.0] AndroidManifest.xml:23:9-81
19        android:protectionLevel="signature" />
19-->[androidx.core:core:1.15.0] AndroidManifest.xml:24:9-44
20
21    <uses-permission android:name="com.budgettracker.app.DYNAMIC_RECEIVER_NOT_EXPORTED_PERMISSION" />
21-->[androidx.core:core:1.15.0] AndroidManifest.xml:26:5-97
21-->[androidx.core:core:1.15.0] AndroidManifest.xml:26:22-94
22
23    <application
23-->src/main/AndroidManifest.xml:7:5-26:19
24        android:name="com.budgettracker.app.BudgetApp"
24-->src/main/AndroidManifest.xml:8:9-34
25        android:allowBackup="true"
25-->src/main/AndroidManifest.xml:9:9-35
26        android:appComponentFactory="androidx.core.app.CoreComponentFactory"
26-->[androidx.core:core:1.15.0] AndroidManifest.xml:28:18-86
27        android:extractNativeLibs="false"
28        android:icon="@mipmap/ic_launcher"
28-->src/main/AndroidManifest.xml:10:9-43
29        android:label="@string/app_name"
29-->src/main/AndroidManifest.xml:11:9-41
30        android:roundIcon="@mipmap/ic_launcher_round"
30-->src/main/AndroidManifest.xml:12:9-54
31        android:supportsRtl="true"
31-->src/main/AndroidManifest.xml:13:9-35
32        android:theme="@style/Theme.BudgetTracker" >
32-->src/main/AndroidManifest.xml:14:9-51
33        <activity
33-->src/main/AndroidManifest.xml:16:9-25:20
34            android:name="com.budgettracker.app.MainActivity"
34-->src/main/AndroidManifest.xml:17:13-41
35            android:configChanges="orientation|screenSize|screenLayout|keyboardHidden|uiMode"
35-->src/main/AndroidManifest.xml:19:13-94
36            android:exported="true"
36-->src/main/AndroidManifest.xml:18:13-36
37            android:windowSoftInputMode="adjustResize" >
37-->src/main/AndroidManifest.xml:20:13-55
38            <intent-filter>
38-->src/main/AndroidManifest.xml:21:13-24:29
39                <action android:name="android.intent.action.MAIN" />
39-->src/main/AndroidManifest.xml:22:17-69
39-->src/main/AndroidManifest.xml:22:25-66
40
41                <category android:name="android.intent.category.LAUNCHER" />
41-->src/main/AndroidManifest.xml:23:17-77
41-->src/main/AndroidManifest.xml:23:27-74
42            </intent-filter>
43        </activity>
44
45        <service
45-->[androidx.credentials:credentials-play-services-auth:1.3.0] AndroidManifest.xml:24:9-32:19
46            android:name="androidx.credentials.playservices.CredentialProviderMetadataHolder"
46-->[androidx.credentials:credentials-play-services-auth:1.3.0] AndroidManifest.xml:25:13-94
47            android:enabled="true"
47-->[androidx.credentials:credentials-play-services-auth:1.3.0] AndroidManifest.xml:26:13-35
48            android:exported="false" >
48-->[androidx.credentials:credentials-play-services-auth:1.3.0] AndroidManifest.xml:27:13-37
49            <meta-data
49-->[androidx.credentials:credentials-play-services-auth:1.3.0] AndroidManifest.xml:29:13-31:104
50                android:name="androidx.credentials.CREDENTIAL_PROVIDER_KEY"
50-->[androidx.credentials:credentials-play-services-auth:1.3.0] AndroidManifest.xml:30:17-76
51                android:value="androidx.credentials.playservices.CredentialProviderPlayServicesImpl" />
51-->[androidx.credentials:credentials-play-services-auth:1.3.0] AndroidManifest.xml:31:17-101
52        </service>
53
54        <activity
54-->[androidx.credentials:credentials-play-services-auth:1.3.0] AndroidManifest.xml:34:9-41:20
55            android:name="androidx.credentials.playservices.HiddenActivity"
55-->[androidx.credentials:credentials-play-services-auth:1.3.0] AndroidManifest.xml:35:13-76
56            android:configChanges="orientation|screenSize|screenLayout|keyboardHidden"
56-->[androidx.credentials:credentials-play-services-auth:1.3.0] AndroidManifest.xml:36:13-87
57            android:enabled="true"
57-->[androidx.credentials:credentials-play-services-auth:1.3.0] AndroidManifest.xml:37:13-35
58            android:exported="false"
58-->[androidx.credentials:credentials-play-services-auth:1.3.0] AndroidManifest.xml:38:13-37
59            android:fitsSystemWindows="true"
59-->[androidx.credentials:credentials-play-services-auth:1.3.0] AndroidManifest.xml:39:13-45
60            android:theme="@style/Theme.Hidden" >
60-->[androidx.credentials:credentials-play-services-auth:1.3.0] AndroidManifest.xml:40:13-48
61        </activity>
62        <activity
62-->[com.google.android.gms:play-services-auth:21.1.1] AndroidManifest.xml:23:9-27:75
63            android:name="com.google.android.gms.auth.api.signin.internal.SignInHubActivity"
63-->[com.google.android.gms:play-services-auth:21.1.1] AndroidManifest.xml:24:13-93
64            android:excludeFromRecents="true"
64-->[com.google.android.gms:play-services-auth:21.1.1] AndroidManifest.xml:25:13-46
65            android:exported="false"
65-->[com.google.android.gms:play-services-auth:21.1.1] AndroidManifest.xml:26:13-37
66            android:theme="@android:style/Theme.Translucent.NoTitleBar" />
66-->[com.google.android.gms:play-services-auth:21.1.1] AndroidManifest.xml:27:13-72
67        <!--
68            Service handling Google Sign-In user revocation. For apps that do not integrate with
69            Google Sign-In, this service will never be started.
70        -->
71        <service
71-->[com.google.android.gms:play-services-auth:21.1.1] AndroidManifest.xml:33:9-37:51
72            android:name="com.google.android.gms.auth.api.signin.RevocationBoundService"
72-->[com.google.android.gms:play-services-auth:21.1.1] AndroidManifest.xml:34:13-89
73            android:exported="true"
73-->[com.google.android.gms:play-services-auth:21.1.1] AndroidManifest.xml:35:13-36
74            android:permission="com.google.android.gms.auth.api.signin.permission.REVOCATION_NOTIFICATION"
74-->[com.google.android.gms:play-services-auth:21.1.1] AndroidManifest.xml:36:13-107
75            android:visibleToInstantApps="true" />
75-->[com.google.android.gms:play-services-auth:21.1.1] AndroidManifest.xml:37:13-48
76
77        <activity
77-->[com.google.android.gms:play-services-base:18.3.0] AndroidManifest.xml:20:9-22:45
78            android:name="com.google.android.gms.common.api.GoogleApiActivity"
78-->[com.google.android.gms:play-services-base:18.3.0] AndroidManifest.xml:20:19-85
79            android:exported="false"
79-->[com.google.android.gms:play-services-base:18.3.0] AndroidManifest.xml:22:19-43
80            android:theme="@android:style/Theme.Translucent.NoTitleBar" />
80-->[com.google.android.gms:play-services-base:18.3.0] AndroidManifest.xml:21:19-78
81
82        <meta-data
82-->[com.google.android.gms:play-services-basement:18.3.0] AndroidManifest.xml:21:9-23:69
83            android:name="com.google.android.gms.version"
83-->[com.google.android.gms:play-services-basement:18.3.0] AndroidManifest.xml:22:13-58
84            android:value="@integer/google_play_services_version" />
84-->[com.google.android.gms:play-services-basement:18.3.0] AndroidManifest.xml:23:13-66
85
86        <provider
86-->[androidx.lifecycle:lifecycle-process:2.8.7] AndroidManifest.xml:24:9-32:20
87            android:name="androidx.startup.InitializationProvider"
87-->[androidx.lifecycle:lifecycle-process:2.8.7] AndroidManifest.xml:25:13-67
88            android:authorities="com.budgettracker.app.androidx-startup"
88-->[androidx.lifecycle:lifecycle-process:2.8.7] AndroidManifest.xml:26:13-68
89            android:exported="false" >
89-->[androidx.lifecycle:lifecycle-process:2.8.7] AndroidManifest.xml:27:13-37
90            <meta-data
90-->[androidx.lifecycle:lifecycle-process:2.8.7] AndroidManifest.xml:29:13-31:52
91                android:name="androidx.lifecycle.ProcessLifecycleInitializer"
91-->[androidx.lifecycle:lifecycle-process:2.8.7] AndroidManifest.xml:30:17-78
92                android:value="androidx.startup" />
92-->[androidx.lifecycle:lifecycle-process:2.8.7] AndroidManifest.xml:31:17-49
93            <meta-data
93-->[androidx.emoji2:emoji2:1.3.0] AndroidManifest.xml:29:13-31:52
94                android:name="androidx.emoji2.text.EmojiCompatInitializer"
94-->[androidx.emoji2:emoji2:1.3.0] AndroidManifest.xml:30:17-75
95                android:value="androidx.startup" />
95-->[androidx.emoji2:emoji2:1.3.0] AndroidManifest.xml:31:17-49
96            <meta-data
96-->[androidx.profileinstaller:profileinstaller:1.3.1] AndroidManifest.xml:29:13-31:52
97                android:name="androidx.profileinstaller.ProfileInstallerInitializer"
97-->[androidx.profileinstaller:profileinstaller:1.3.1] AndroidManifest.xml:30:17-85
98                android:value="androidx.startup" />
98-->[androidx.profileinstaller:profileinstaller:1.3.1] AndroidManifest.xml:31:17-49
99        </provider>
100
101        <service
101-->[androidx.room:room-runtime-android:2.7.0-alpha13] AndroidManifest.xml:24:9-28:63
102            android:name="androidx.room.MultiInstanceInvalidationService"
102-->[androidx.room:room-runtime-android:2.7.0-alpha13] AndroidManifest.xml:25:13-74
103            android:directBootAware="true"
103-->[androidx.room:room-runtime-android:2.7.0-alpha13] AndroidManifest.xml:26:13-43
104            android:exported="false" />
104-->[androidx.room:room-runtime-android:2.7.0-alpha13] AndroidManifest.xml:27:13-37
105
106        <receiver
106-->[androidx.profileinstaller:profileinstaller:1.3.1] AndroidManifest.xml:34:9-52:20
107            android:name="androidx.profileinstaller.ProfileInstallReceiver"
107-->[androidx.profileinstaller:profileinstaller:1.3.1] AndroidManifest.xml:35:13-76
108            android:directBootAware="false"
108-->[androidx.profileinstaller:profileinstaller:1.3.1] AndroidManifest.xml:36:13-44
109            android:enabled="true"
109-->[androidx.profileinstaller:profileinstaller:1.3.1] AndroidManifest.xml:37:13-35
110            android:exported="true"
110-->[androidx.profileinstaller:profileinstaller:1.3.1] AndroidManifest.xml:38:13-36
111            android:permission="android.permission.DUMP" >
111-->[androidx.profileinstaller:profileinstaller:1.3.1] AndroidManifest.xml:39:13-57
112            <intent-filter>
112-->[androidx.profileinstaller:profileinstaller:1.3.1] AndroidManifest.xml:40:13-42:29
113                <action android:name="androidx.profileinstaller.action.INSTALL_PROFILE" />
113-->[androidx.profileinstaller:profileinstaller:1.3.1] AndroidManifest.xml:41:17-91
113-->[androidx.profileinstaller:profileinstaller:1.3.1] AndroidManifest.xml:41:25-88
114            </intent-filter>
115            <intent-filter>
115-->[androidx.profileinstaller:profileinstaller:1.3.1] AndroidManifest.xml:43:13-45:29
116                <action android:name="androidx.profileinstaller.action.SKIP_FILE" />
116-->[androidx.profileinstaller:profileinstaller:1.3.1] AndroidManifest.xml:44:17-85
116-->[androidx.profileinstaller:profileinstaller:1.3.1] AndroidManifest.xml:44:25-82
117            </intent-filter>
118            <intent-filter>
118-->[androidx.profileinstaller:profileinstaller:1.3.1] AndroidManifest.xml:46:13-48:29
119                <action android:name="androidx.profileinstaller.action.SAVE_PROFILE" />
119-->[androidx.profileinstaller:profileinstaller:1.3.1] AndroidManifest.xml:47:17-88
119-->[androidx.profileinstaller:profileinstaller:1.3.1] AndroidManifest.xml:47:25-85
120            </intent-filter>
121            <intent-filter>
121-->[androidx.profileinstaller:profileinstaller:1.3.1] AndroidManifest.xml:49:13-51:29
122                <action android:name="androidx.profileinstaller.action.BENCHMARK_OPERATION" />
122-->[androidx.profileinstaller:profileinstaller:1.3.1] AndroidManifest.xml:50:17-95
122-->[androidx.profileinstaller:profileinstaller:1.3.1] AndroidManifest.xml:50:25-92
123            </intent-filter>
124        </receiver>
125    </application>
126
127</manifest>